0 info it worked if it ends with ok
1 verbose cli [ 'node', '/usr/local/bin/npm', 'install' ]
2 info using npm@1.3.21
3 info using node@v0.10.24
4 warn package.json demo-build@0.0.1 No repository field.
5 verbose readDependencies using package.json deps
6 verbose install where, deps [ '/Library/WebServer/Documents/build-demo',
6 verbose install   [ 'bootstrap',
6 verbose install     'grunt',
6 verbose install     'grunt-contrib-clean',
6 verbose install     'grunt-contrib-connect',
6 verbose install     'grunt-contrib-copy',
6 verbose install     'grunt-contrib-csslint',
6 verbose install     'grunt-contrib-cssmin',
6 verbose install     'grunt-contrib-uglify',
6 verbose install     'plato',
6 verbose install     'time-grunt',
6 verbose install     'angular-material' ] ]
7 info preinstall demo-build@0.0.1
8 verbose readDependencies using package.json deps
9 verbose already installed skipping grunt-contrib-clean@~0.6.0 /Library/WebServer/Documents/build-demo
10 verbose already installed skipping grunt@~0.4.5 /Library/WebServer/Documents/build-demo
11 verbose already installed skipping grunt-contrib-connect@~0.8.0 /Library/WebServer/Documents/build-demo
12 verbose already installed skipping grunt-contrib-copy@~0.7.0 /Library/WebServer/Documents/build-demo
13 verbose already installed skipping grunt-contrib-cssmin@~0.10.0 /Library/WebServer/Documents/build-demo
14 verbose already installed skipping grunt-contrib-csslint@~0.3.1 /Library/WebServer/Documents/build-demo
15 verbose already installed skipping grunt-contrib-uglify@~0.5.0 /Library/WebServer/Documents/build-demo
16 verbose already installed skipping time-grunt@^1.0.0 /Library/WebServer/Documents/build-demo
17 verbose already installed skipping plato@* /Library/WebServer/Documents/build-demo
18 verbose cache add [ 'angular-material@*', null ]
19 verbose cache add name=undefined spec="angular-material@*" args=["angular-material@*",null]
20 verbose parsed url { protocol: null,
20 verbose parsed url   slashes: null,
20 verbose parsed url   auth: null,
20 verbose parsed url   host: null,
20 verbose parsed url   port: null,
20 verbose parsed url   hostname: null,
20 verbose parsed url   hash: null,
20 verbose parsed url   search: null,
20 verbose parsed url   query: null,
20 verbose parsed url   pathname: 'angular-material@*',
20 verbose parsed url   path: 'angular-material@*',
20 verbose parsed url   href: 'angular-material@*' }
21 verbose cache add name="angular-material" spec="*" args=["angular-material","*"]
22 verbose parsed url { protocol: null,
22 verbose parsed url   slashes: null,
22 verbose parsed url   auth: null,
22 verbose parsed url   host: null,
22 verbose parsed url   port: null,
22 verbose parsed url   hostname: null,
22 verbose parsed url   hash: null,
22 verbose parsed url   search: null,
22 verbose parsed url   query: null,
22 verbose parsed url   pathname: '*',
22 verbose parsed url   path: '*',
22 verbose parsed url   href: '*' }
23 verbose addNamed [ 'angular-material', '*' ]
24 verbose addNamed [ null, '*' ]
25 verbose cache add [ 'bootstrap@*', null ]
26 verbose cache add name=undefined spec="bootstrap@*" args=["bootstrap@*",null]
27 verbose parsed url { protocol: null,
27 verbose parsed url   slashes: null,
27 verbose parsed url   auth: null,
27 verbose parsed url   host: null,
27 verbose parsed url   port: null,
27 verbose parsed url   hostname: null,
27 verbose parsed url   hash: null,
27 verbose parsed url   search: null,
27 verbose parsed url   query: null,
27 verbose parsed url   pathname: 'bootstrap@*',
27 verbose parsed url   path: 'bootstrap@*',
27 verbose parsed url   href: 'bootstrap@*' }
28 verbose cache add name="bootstrap" spec="*" args=["bootstrap","*"]
29 verbose parsed url { protocol: null,
29 verbose parsed url   slashes: null,
29 verbose parsed url   auth: null,
29 verbose parsed url   host: null,
29 verbose parsed url   port: null,
29 verbose parsed url   hostname: null,
29 verbose parsed url   hash: null,
29 verbose parsed url   search: null,
29 verbose parsed url   query: null,
29 verbose parsed url   pathname: '*',
29 verbose parsed url   path: '*',
29 verbose parsed url   href: '*' }
30 verbose addNamed [ 'bootstrap', '*' ]
31 verbose addNamed [ null, '*' ]
32 silly lockFile c02dd157-angular-material angular-material@*
33 verbose lock angular-material@* /Users/dave/.npm/c02dd157-angular-material.lock
34 silly lockFile e4afd69d-bootstrap bootstrap@*
35 verbose lock bootstrap@* /Users/dave/.npm/e4afd69d-bootstrap.lock
36 silly addNameRange { name: 'angular-material', range: '*', hasData: false }
37 silly addNameRange { name: 'bootstrap', range: '*', hasData: false }
38 verbose url raw angular-material
39 verbose url resolving [ 'https://registry.npmjs.org/', './angular-material' ]
40 verbose url resolved https://registry.npmjs.org/angular-material
41 info trying registry request attempt 1 at 21:55:10
42 http GET https://registry.npmjs.org/angular-material
43 verbose url raw bootstrap
44 verbose url resolving [ 'https://registry.npmjs.org/', './bootstrap' ]
45 verbose url resolved https://registry.npmjs.org/bootstrap
46 info trying registry request attempt 1 at 21:55:10
47 http GET https://registry.npmjs.org/bootstrap
48 http 404 https://registry.npmjs.org/angular-material
49 silly registry.get cb [ 404,
49 silly registry.get   { date: 'Tue, 11 Nov 2014 02:55:10 GMT',
49 silly registry.get     server: 'CouchDB/1.5.0 (Erlang OTP/R14B04)',
49 silly registry.get     'content-type': 'application/json',
49 silly registry.get     'cache-control': 'max-age=0',
49 silly registry.get     'content-length': '52',
49 silly registry.get     'accept-ranges': 'bytes',
49 silly registry.get     via: '1.1 varnish',
49 silly registry.get     age: '0',
49 silly registry.get     'x-served-by': 'cache-atl6234-ATL',
49 silly registry.get     'x-cache': 'MISS',
49 silly registry.get     'x-cache-hits': '0',
49 silly registry.get     'x-timer': 'S1415674510.736977,VS0,VE93',
49 silly registry.get     'keep-alive': 'timeout=10, max=50',
49 silly registry.get     connection: 'Keep-Alive' } ]
50 silly lockFile c02dd157-angular-material angular-material@*
51 silly lockFile c02dd157-angular-material angular-material@*
52 error 404 'angular-material' is not in the npm registry.
52 error 404 You should bug the author to publish it
52 error 404
52 error 404 Note that you can also install from a
52 error 404 tarball, folder, or http url, or git url.
53 error System Darwin 14.0.0
54 error command "node" "/usr/local/bin/npm" "install"
55 error cwd /Library/WebServer/Documents/build-demo
56 error node -v v0.10.24
57 error npm -v 1.3.21
58 error code E404
59 verbose exit [ 1, true ]
